
  .   ____          _            __ _ _
 /\\ / ___'_ __ _ _(_)_ __  __ _ \ \ \ \
( ( )\___ | '_ | '_| | '_ \/ _` | \ \ \ \
 \\/  ___)| |_)| | | | | || (_| |  ) ) ) )
  '  |____| .__|_| |_|_| |_\__, | / / / /
 =========|_|==============|___/=/_/_/_/
 :: Spring Boot ::                (v3.2.5)

2026-03-19T21:36:15.813+05:30  INFO 1600 --- [           main] c.e.crimeinvestigation.Application       : Starting Application v0.0.1-SNAPSHOT using Java 17.0.18 with PID 1600 (F:\Frontend\crimeinvestigation\target\crimeinvestigation-0.0.1-SNAPSHOT.jar started by ADMIN in f:\Frontend)
2026-03-19T21:36:15.817+05:30  INFO 1600 --- [           main] c.e.crimeinvestigation.Application       : No active profile set, falling back to 1 default profile: "default"
2026-03-19T21:36:17.844+05:30  INFO 1600 --- [           main] .s.d.r.c.RepositoryConfigurationDelegate : Bootstrapping Spring Data JPA repositories in DEFAULT mode.
2026-03-19T21:36:17.978+05:30  INFO 1600 --- [           main] .s.d.r.c.RepositoryConfigurationDelegate : Finished Spring Data repository scanning in 110 ms. Found 3 JPA repository interfaces.
2026-03-19T21:36:19.331+05:30  INFO 1600 --- [           main] o.s.b.w.embedded.tomcat.TomcatWebServer  : Tomcat initialized with port 8081 (http)
2026-03-19T21:36:19.382+05:30  INFO 1600 --- [           main] o.apache.catalina.core.StandardService   : Starting service [Tomcat]
2026-03-19T21:36:19.383+05:30  INFO 1600 --- [           main] o.apache.catalina.core.StandardEngine    : Starting Servlet engine: [Apache Tomcat/10.1.20]
2026-03-19T21:36:19.462+05:30  INFO 1600 --- [           main] o.a.c.c.C.[Tomcat].[localhost].[/]       : Initializing Spring embedded WebApplicationContext
2026-03-19T21:36:19.464+05:30  INFO 1600 --- [           main] w.s.c.ServletWebServerApplicationContext : Root WebApplicationContext: initialization completed in 3411 ms
2026-03-19T21:36:19.856+05:30  INFO 1600 --- [           main] o.hibernate.jpa.internal.util.LogHelper  : HHH000204: Processing PersistenceUnitInfo [name: default]
2026-03-19T21:36:20.077+05:30  INFO 1600 --- [           main] org.hibernate.Version                    : HHH000412: Hibernate ORM core version 6.4.4.Final
2026-03-19T21:36:20.166+05:30  INFO 1600 --- [           main] o.h.c.internal.RegionFactoryInitiator    : HHH000026: Second-level cache disabled
2026-03-19T21:36:20.627+05:30  INFO 1600 --- [           main] o.s.o.j.p.SpringPersistenceUnitInfo      : No LoadTimeWeaver setup: ignoring JPA class transformer
2026-03-19T21:36:20.678+05:30  INFO 1600 --- [           main] com.zaxxer.hikari.HikariDataSource       : HikariPool-1 - Starting...
2026-03-19T21:36:21.028+05:30  INFO 1600 --- [           main] com.zaxxer.hikari.pool.HikariPool        : HikariPool-1 - Added connection com.mysql.cj.jdbc.ConnectionImpl@1544ded3
2026-03-19T21:36:21.032+05:30  INFO 1600 --- [           main] com.zaxxer.hikari.HikariDataSource       : HikariPool-1 - Start completed.
2026-03-19T21:36:22.355+05:30  INFO 1600 --- [           main] o.h.e.t.j.p.i.JtaPlatformInitiator       : HHH000489: No JTA platform available (set 'hibernate.transaction.jta.platform' to enable JTA platform integration)
2026-03-19T21:36:22.445+05:30  INFO 1600 --- [           main] j.LocalContainerEntityManagerFactoryBean : Initialized JPA EntityManagerFactory for persistence unit 'default'
2026-03-19T21:36:23.061+05:30  WARN 1600 --- [           main] JpaBaseConfiguration$JpaWebConfiguration : spring.jpa.open-in-view is enabled by default. Therefore, database queries may be performed during view rendering. Explicitly configure spring.jpa.open-in-view to disable this warning
2026-03-19T21:36:23.652+05:30  INFO 1600 --- [           main] o.s.b.w.embedded.tomcat.TomcatWebServer  : Tomcat started on port 8081 (http) with context path ''
2026-03-19T21:36:23.683+05:30  INFO 1600 --- [           main] c.e.crimeinvestigation.Application       : Started Application in 9.585 seconds (process running for 11.266)
